build/app/intermediates/manifest_merge_blame_file/debug/manifest-merger-blame-debug-report.txt
1<?xml version="1.0" encoding="utf-8"?>
2<manifest xmlns:android="http://schemas.android.com/apk/res/android"
3    package="br.com.agrosegurancabrasil"
4    android:versionCode="1"
5    android:versionName="1.0.0" >
6
7    <uses-sdk
8        android:minSdkVersion="16"
9        android:targetSdkVersion="30" />
10    <!--
11         Flutter needs it to communicate with the running application
12         to allow setting breakpoints, to provide hot reload, etc.
13    -->
14    <uses-permission android:name="android.permission.INTERNET" />
14-->src/main/AndroidManifest.xml:4:4-66
14-->src/main/AndroidManifest.xml:4:21-63
15    <uses-permission android:name="android.permission.ACCESS_NETWORK_STATE" />
15-->src/main/AndroidManifest.xml:5:4-78
15-->src/main/AndroidManifest.xml:5:21-75
16
17    <queries>
17-->src/main/AndroidManifest.xml:63:5-79:15
18
19        <!-- If your app opens https URLs -->
20        <intent>
20-->src/main/AndroidManifest.xml:65:7-68:16
21            <action android:name="android.intent.action.VIEW" />
21-->src/main/AndroidManifest.xml:55:17-69
21-->src/main/AndroidManifest.xml:55:25-66
22
23            <data android:scheme="https" />
23-->src/main/AndroidManifest.xml:58:17-75
23-->src/main/AndroidManifest.xml:58:23-72
24        </intent>
25        <!-- If your app makes calls -->
26        <intent>
26-->src/main/AndroidManifest.xml:70:7-73:16
27            <action android:name="android.intent.action.DIAL" />
27-->src/main/AndroidManifest.xml:71:9-61
27-->src/main/AndroidManifest.xml:71:17-58
28
29            <data android:scheme="tel" />
29-->src/main/AndroidManifest.xml:58:17-75
29-->src/main/AndroidManifest.xml:58:23-72
30        </intent>
31        <!-- If your app emails -->
32        <intent>
32-->src/main/AndroidManifest.xml:75:7-78:16
33            <action android:name="android.intent.action.SEND" />
33-->src/main/AndroidManifest.xml:76:9-61
33-->src/main/AndroidManifest.xml:76:17-58
34
35            <data android:mimeType="*/*" />
35-->src/main/AndroidManifest.xml:58:17-75
36        </intent>
37    </queries>
38
39    <uses-permission android:name="android.permission.WAKE_LOCK" />
39-->[:firebase_analytics] AndroidManifest.xml:9:5-68
39-->[:firebase_analytics] AndroidManifest.xml:9:22-65
40    <uses-permission android:name="com.google.android.finsky.permission.BIND_GET_INSTALL_REFERRER_SERVICE" />
40-->[com.google.android.gms:play-services-measurement:19.0.0] AndroidManifest.xml:26:5-110
40-->[com.google.android.gms:play-services-measurement:19.0.0] AndroidManifest.xml:26:22-107
41
42    <application
42-->src/main/AndroidManifest.xml:7:4-61:19
43        android:name="androidx.multidex.MultiDexApplication"
44        android:appComponentFactory="androidx.core.app.CoreComponentFactory"
44-->[androidx.core:core:1.3.2] AndroidManifest.xml:24:18-86
45        android:debuggable="true"
46        android:icon="@mipmap/ic_launcher"
46-->src/main/AndroidManifest.xml:9:9-43
47        android:label="seed_flutter_app"
47-->src/main/AndroidManifest.xml:8:9-41
48        android:supportsRtl="true" >
48-->[com.facebook.android:facebook-login:11.1.1] AndroidManifest.xml:28:18-44
49        <activity
49-->src/main/AndroidManifest.xml:10:9-38:20
50            android:name="br.com.agrosegurancabrasil.MainActivity"
50-->src/main/AndroidManifest.xml:11:13-41
51            android:configChanges="orientation|keyboardHidden|keyboard|screenSize|smallestScreenSize|locale|layoutDirection|fontScale|screenLayout|density|uiMode"
51-->src/main/AndroidManifest.xml:14:13-163
52            android:hardwareAccelerated="true"
52-->src/main/AndroidManifest.xml:15:13-47
53            android:launchMode="singleTop"
53-->src/main/AndroidManifest.xml:12:13-43
54            android:theme="@style/LaunchTheme"
54-->src/main/AndroidManifest.xml:13:13-47
55            android:windowSoftInputMode="adjustResize" >
55-->src/main/AndroidManifest.xml:16:13-55
56
57            <!--
58                 Specifies an Android theme to apply to this Activity as soon as
59                 the Android process has started. This theme is visible to the user
60                 while the Flutter UI initializes. After that, this theme continues
61                 to determine the Window background behind the Flutter UI.
62            -->
63            <meta-data
63-->src/main/AndroidManifest.xml:21:13-24:17
64                android:name="io.flutter.embedding.android.NormalTheme"
64-->src/main/AndroidManifest.xml:22:15-70
65                android:resource="@style/NormalTheme" />
65-->src/main/AndroidManifest.xml:23:15-52
66            <!--
67                 Displays an Android View that continues showing the launch screen
68                 Drawable until Flutter paints its first frame, then this splash
69                 screen fades out. A splash screen is useful to avoid any visual
70                 gap between the end of Android's launch screen and the painting of
71                 Flutter's first frame.
72            -->
73            <meta-data
73-->src/main/AndroidManifest.xml:30:13-33:17
74                android:name="io.flutter.embedding.android.SplashScreenDrawable"
74-->src/main/AndroidManifest.xml:31:15-79
75                android:resource="@drawable/launch_background" />
75-->src/main/AndroidManifest.xml:32:15-61
76
77            <intent-filter>
77-->src/main/AndroidManifest.xml:34:13-37:29
78                <action android:name="android.intent.action.MAIN" />
78-->src/main/AndroidManifest.xml:35:17-68
78-->src/main/AndroidManifest.xml:35:25-66
79
80                <category android:name="android.intent.category.LAUNCHER" />
80-->src/main/AndroidManifest.xml:36:17-76
80-->src/main/AndroidManifest.xml:36:27-74
81            </intent-filter>
82        </activity>
83        <!--
84             Don't delete the meta-data below.
85             This is used by the Flutter tool to generate GeneratedPluginRegistrant.java
86        -->
87        <meta-data
87-->src/main/AndroidManifest.xml:41:9-43:33
88            android:name="flutterEmbedding"
88-->src/main/AndroidManifest.xml:42:13-44
89            android:value="2" />
89-->src/main/AndroidManifest.xml:43:13-30
90
91        <!-- Para configurar o login com o Facebook -->
92        <meta-data
92-->src/main/AndroidManifest.xml:46:9-107
93            android:name="com.facebook.sdk.ApplicationId"
93-->src/main/AndroidManifest.xml:46:20-65
94            android:value="@string/facebook_app_id" />
94-->src/main/AndroidManifest.xml:46:66-105
95
96        <activity
96-->src/main/AndroidManifest.xml:48:9-50:48
97            android:name="com.facebook.FacebookActivity"
97-->src/main/AndroidManifest.xml:48:19-63
98            android:configChanges="keyboard|keyboardHidden|screenLayout|screenSize|orientation"
98-->src/main/AndroidManifest.xml:49:13-96
99            android:label="@string/app_name"
99-->src/main/AndroidManifest.xml:50:13-45
100            android:theme="@style/com_facebook_activity_theme" />
100-->[com.facebook.android:facebook-common:11.1.1] AndroidManifest.xml:33:13-63
101        <activity
101-->src/main/AndroidManifest.xml:51:9-60:20
102            android:name="com.facebook.CustomTabActivity"
102-->src/main/AndroidManifest.xml:52:13-58
103            android:exported="true" >
103-->src/main/AndroidManifest.xml:53:13-36
104            <intent-filter>
104-->src/main/AndroidManifest.xml:54:13-59:29
105                <action android:name="android.intent.action.VIEW" />
105-->src/main/AndroidManifest.xml:55:17-69
105-->src/main/AndroidManifest.xml:55:25-66
106
107                <category android:name="android.intent.category.DEFAULT" />
107-->src/main/AndroidManifest.xml:56:17-76
107-->src/main/AndroidManifest.xml:56:27-73
108                <category android:name="android.intent.category.BROWSABLE" />
108-->src/main/AndroidManifest.xml:57:17-78
108-->src/main/AndroidManifest.xml:57:27-75
109
110                <data android:scheme="@string/fb_login_protocol_scheme" />
110-->src/main/AndroidManifest.xml:58:17-75
110-->src/main/AndroidManifest.xml:58:23-72
111            </intent-filter>
112            <intent-filter>
112-->[com.facebook.android:facebook-common:11.1.1] AndroidManifest.xml:39:13-48:29
113                <action android:name="android.intent.action.VIEW" />
113-->src/main/AndroidManifest.xml:55:17-69
113-->src/main/AndroidManifest.xml:55:25-66
114
115                <category android:name="android.intent.category.DEFAULT" />
115-->src/main/AndroidManifest.xml:56:17-76
115-->src/main/AndroidManifest.xml:56:27-73
116                <category android:name="android.intent.category.BROWSABLE" />
116-->src/main/AndroidManifest.xml:57:17-78
116-->src/main/AndroidManifest.xml:57:27-75
117
118                <data
118-->src/main/AndroidManifest.xml:58:17-75
119                    android:host="cct.br.com.agrosegurancabrasil"
120                    android:scheme="fbconnect" />
120-->src/main/AndroidManifest.xml:58:23-72
121            </intent-filter>
122        </activity>
123
124        <provider
124-->[:share_plus] AndroidManifest.xml:8:9-16:20
125            android:name="dev.fluttercommunity.plus.share.ShareFileProvider"
125-->[:share_plus] AndroidManifest.xml:9:13-77
126            android:authorities="br.com.agrosegurancabrasil.flutter.share_provider"
126-->[:share_plus] AndroidManifest.xml:10:13-74
127            android:exported="false"
127-->[:share_plus] AndroidManifest.xml:11:13-37
128            android:grantUriPermissions="true" >
128-->[:share_plus] AndroidManifest.xml:12:13-47
129            <meta-data
129-->[:share_plus] AndroidManifest.xml:13:13-15:68
130                android:name="android.support.FILE_PROVIDER_PATHS"
130-->[:share_plus] AndroidManifest.xml:14:17-67
131                android:resource="@xml/flutter_share_file_paths" />
131-->[:share_plus] AndroidManifest.xml:15:17-65
132        </provider>
133
134        <activity
134-->[:url_launcher] AndroidManifest.xml:8:9-11:74
135            android:name="io.flutter.plugins.urllauncher.WebViewActivity"
135-->[:url_launcher] AndroidManifest.xml:9:13-74
136            android:exported="false"
136-->[:url_launcher] AndroidManifest.xml:10:13-37
137            android:theme="@android:style/Theme.NoTitleBar.Fullscreen" />
137-->[:url_launcher] AndroidManifest.xml:11:13-71
138
139        <service
139-->[:firebase_analytics] AndroidManifest.xml:12:9-16:19
140            android:name="com.google.firebase.components.ComponentDiscoveryService"
140-->[:firebase_analytics] AndroidManifest.xml:12:18-89
141            android:directBootAware="true"
141-->[com.google.firebase:firebase-common:20.0.0] AndroidManifest.xml:35:13-43
142            android:exported="false" >
142-->[com.google.firebase:firebase-auth:21.0.1] AndroidManifest.xml:76:13-37
143            <meta-data
143-->[:firebase_analytics] AndroidManifest.xml:13:13-15:85
144                android:name="com.google.firebase.components:io.flutter.plugins.firebaseanalytics.FlutterFirebaseAppRegistrar"
144-->[:firebase_analytics] AndroidManifest.xml:14:17-127
145                android:value="com.google.firebase.components.ComponentRegistrar" />
145-->[:firebase_analytics] AndroidManifest.xml:15:17-82
146            <meta-data
146-->[:cloud_firestore] AndroidManifest.xml:9:13-11:85
147                android:name="com.google.firebase.components:io.flutter.plugins.firebase.firestore.FlutterFirebaseFirestoreRegistrar"
147-->[:cloud_firestore] AndroidManifest.xml:10:17-134
148                android:value="com.google.firebase.components.ComponentRegistrar" />
148-->[:cloud_firestore] AndroidManifest.xml:11:17-82
149            <meta-data
149-->[:firebase_auth] AndroidManifest.xml:9:13-11:85
150                android:name="com.google.firebase.components:io.flutter.plugins.firebase.auth.FlutterFirebaseAuthRegistrar"
150-->[:firebase_auth] AndroidManifest.xml:10:17-124
151                android:value="com.google.firebase.components.ComponentRegistrar" />
151-->[:firebase_auth] AndroidManifest.xml:11:17-82
152            <meta-data
152-->[:firebase_core] AndroidManifest.xml:9:13-11:85
153                android:name="com.google.firebase.components:io.flutter.plugins.firebase.core.FlutterFirebaseCoreRegistrar"
153-->[:firebase_core] AndroidManifest.xml:10:17-124
154                android:value="com.google.firebase.components.ComponentRegistrar" />
154-->[:firebase_core] AndroidManifest.xml:11:17-82
155            <meta-data
155-->[com.google.firebase:firebase-auth:21.0.1] AndroidManifest.xml:77:13-79:85
156                android:name="com.google.firebase.components:com.google.firebase.auth.FirebaseAuthRegistrar"
156-->[com.google.firebase:firebase-auth:21.0.1] AndroidManifest.xml:78:17-109
157                android:value="com.google.firebase.components.ComponentRegistrar" />
157-->[com.google.firebase:firebase-auth:21.0.1] AndroidManifest.xml:79:17-82
158            <meta-data
158-->[com.google.firebase:firebase-firestore:23.0.3] AndroidManifest.xml:20:13-22:85
159                android:name="com.google.firebase.components:com.google.firebase.firestore.FirestoreRegistrar"
159-->[com.google.firebase:firebase-firestore:23.0.3] AndroidManifest.xml:21:17-111
160                android:value="com.google.firebase.components.ComponentRegistrar" />
160-->[com.google.firebase:firebase-firestore:23.0.3] AndroidManifest.xml:22:17-82
161            <meta-data
161-->[com.google.android.gms:play-services-measurement-api:19.0.0] AndroidManifest.xml:30:13-32:85
162                android:name="com.google.firebase.components:com.google.firebase.analytics.connector.internal.AnalyticsConnectorRegistrar"
162-->[com.google.android.gms:play-services-measurement-api:19.0.0] AndroidManifest.xml:31:17-139
163                android:value="com.google.firebase.components.ComponentRegistrar" />
163-->[com.google.android.gms:play-services-measurement-api:19.0.0] AndroidManifest.xml:32:17-82
164            <meta-data
164-->[com.google.firebase:firebase-installations:17.0.0] AndroidManifest.xml:18:13-20:85
165                android:name="com.google.firebase.components:com.google.firebase.installations.FirebaseInstallationsRegistrar"
165-->[com.google.firebase:firebase-installations:17.0.0] AndroidManifest.xml:19:17-127
166                android:value="com.google.firebase.components.ComponentRegistrar" />
166-->[com.google.firebase:firebase-installations:17.0.0] AndroidManifest.xml:20:17-82
167        </service>
168
169        <activity android:name="com.facebook.CustomTabMainActivity" />
169-->[com.facebook.android:facebook-common:11.1.1] AndroidManifest.xml:34:9-71
169-->[com.facebook.android:facebook-common:11.1.1] AndroidManifest.xml:34:19-68
170        <!--
171         The initialization ContentProvider will call FacebookSdk.sdkInitialize automatically
172         with the application context. This config is merged in with the host app's manifest,
173         but there can only be one provider with the same authority activated at any given
174         point; so if the end user has two or more different apps that use Facebook SDK, only the
175         first one will be able to use the provider. To work around this problem, we use the
176         following placeholder in the authority to identify each host application as if it was
177         a completely different provider.
178        -->
179        <provider
179-->[com.facebook.android:facebook-core:11.1.1] AndroidManifest.xml:39:9-42:40
180            android:name="com.facebook.internal.FacebookInitProvider"
180-->[com.facebook.android:facebook-core:11.1.1] AndroidManifest.xml:40:13-70
181            android:authorities="br.com.agrosegurancabrasil.FacebookInitProvider"
181-->[com.facebook.android:facebook-core:11.1.1] AndroidManifest.xml:41:13-72
182            android:exported="false" />
182-->[com.facebook.android:facebook-core:11.1.1] AndroidManifest.xml:42:13-37
183
184        <receiver
184-->[com.facebook.android:facebook-core:11.1.1] AndroidManifest.xml:44:9-50:20
185            android:name="com.facebook.CurrentAccessTokenExpirationBroadcastReceiver"
185-->[com.facebook.android:facebook-core:11.1.1] AndroidManifest.xml:45:13-86
186            android:exported="false" >
186-->[com.facebook.android:facebook-core:11.1.1] AndroidManifest.xml:46:13-37
187            <intent-filter>
187-->[com.facebook.android:facebook-core:11.1.1] AndroidManifest.xml:47:13-49:29
188                <action android:name="com.facebook.sdk.ACTION_CURRENT_ACCESS_TOKEN_CHANGED" />
188-->[com.facebook.android:facebook-core:11.1.1] AndroidManifest.xml:48:17-95
188-->[com.facebook.android:facebook-core:11.1.1] AndroidManifest.xml:48:25-92
189            </intent-filter>
190        </receiver>
191
192        <activity
192-->[com.google.firebase:firebase-auth:21.0.1] AndroidManifest.xml:27:9-44:20
193            android:name="com.google.firebase.auth.internal.GenericIdpActivity"
193-->[com.google.firebase:firebase-auth:21.0.1] AndroidManifest.xml:28:13-80
194            android:excludeFromRecents="true"
194-->[com.google.firebase:firebase-auth:21.0.1] AndroidManifest.xml:29:13-46
195            android:exported="true"
195-->[com.google.firebase:firebase-auth:21.0.1] AndroidManifest.xml:30:13-36
196            android:launchMode="singleTask"
196-->[com.google.firebase:firebase-auth:21.0.1] AndroidManifest.xml:31:13-44
197            android:theme="@android:style/Theme.Translucent.NoTitleBar" >
197-->[com.google.firebase:firebase-auth:21.0.1] AndroidManifest.xml:32:13-72
198            <intent-filter>
198-->[com.google.firebase:firebase-auth:21.0.1] AndroidManifest.xml:33:13-43:29
199                <action android:name="android.intent.action.VIEW" />
199-->src/main/AndroidManifest.xml:55:17-69
199-->src/main/AndroidManifest.xml:55:25-66
200
201                <category android:name="android.intent.category.DEFAULT" />
201-->src/main/AndroidManifest.xml:56:17-76
201-->src/main/AndroidManifest.xml:56:27-73
202                <category android:name="android.intent.category.BROWSABLE" />
202-->src/main/AndroidManifest.xml:57:17-78
202-->src/main/AndroidManifest.xml:57:27-75
203
204                <data
204-->src/main/AndroidManifest.xml:58:17-75
205                    android:host="firebase.auth"
206                    android:path="/"
207                    android:scheme="genericidp" />
207-->src/main/AndroidManifest.xml:58:23-72
208            </intent-filter>
209        </activity>
210        <activity
210-->[com.google.firebase:firebase-auth:21.0.1] AndroidManifest.xml:45:9-62:20
211            android:name="com.google.firebase.auth.internal.RecaptchaActivity"
211-->[com.google.firebase:firebase-auth:21.0.1] AndroidManifest.xml:46:13-79
212            android:excludeFromRecents="true"
212-->[com.google.firebase:firebase-auth:21.0.1] AndroidManifest.xml:47:13-46
213            android:exported="true"
213-->[com.google.firebase:firebase-auth:21.0.1] AndroidManifest.xml:48:13-36
214            android:launchMode="singleTask"
214-->[com.google.firebase:firebase-auth:21.0.1] AndroidManifest.xml:49:13-44
215            android:theme="@android:style/Theme.Translucent.NoTitleBar" >
215-->[com.google.firebase:firebase-auth:21.0.1] AndroidManifest.xml:50:13-72
216            <intent-filter>
216-->[com.google.firebase:firebase-auth:21.0.1] AndroidManifest.xml:51:13-61:29
217                <action android:name="android.intent.action.VIEW" />
217-->src/main/AndroidManifest.xml:55:17-69
217-->src/main/AndroidManifest.xml:55:25-66
218
219                <category android:name="android.intent.category.DEFAULT" />
219-->src/main/AndroidManifest.xml:56:17-76
219-->src/main/AndroidManifest.xml:56:27-73
220                <category android:name="android.intent.category.BROWSABLE" />
220-->src/main/AndroidManifest.xml:57:17-78
220-->src/main/AndroidManifest.xml:57:27-75
221
222                <data
222-->src/main/AndroidManifest.xml:58:17-75
223                    android:host="firebase.auth"
224                    android:path="/"
225                    android:scheme="recaptcha" />
225-->src/main/AndroidManifest.xml:58:23-72
226            </intent-filter>
227        </activity>
228
229        <service
229-->[com.google.firebase:firebase-auth:21.0.1] AndroidManifest.xml:64:9-73:19
230            android:name="com.google.firebase.auth.api.fallback.service.FirebaseAuthFallbackService"
230-->[com.google.firebase:firebase-auth:21.0.1] AndroidManifest.xml:65:13-101
231            android:enabled="true"
231-->[com.google.firebase:firebase-auth:21.0.1] AndroidManifest.xml:66:13-35
232            android:exported="false" >
232-->[com.google.firebase:firebase-auth:21.0.1] AndroidManifest.xml:67:13-37
233            <intent-filter>
233-->[com.google.firebase:firebase-auth:21.0.1] AndroidManifest.xml:68:13-72:29
234                <action android:name="com.google.firebase.auth.api.gms.service.START" />
234-->[com.google.firebase:firebase-auth:21.0.1] AndroidManifest.xml:69:17-89
234-->[com.google.firebase:firebase-auth:21.0.1] AndroidManifest.xml:69:25-86
235
236                <category android:name="android.intent.category.DEFAULT" />
236-->src/main/AndroidManifest.xml:56:17-76
236-->src/main/AndroidManifest.xml:56:27-73
237            </intent-filter>
238        </service>
239
240        <activity
240-->[com.google.android.gms:play-services-auth:16.0.1] AndroidManifest.xml:23:9-27:75
241            android:name="com.google.android.gms.auth.api.signin.internal.SignInHubActivity"
241-->[com.google.android.gms:play-services-auth:16.0.1] AndroidManifest.xml:24:13-93
242            android:excludeFromRecents="true"
242-->[com.google.android.gms:play-services-auth:16.0.1] AndroidManifest.xml:25:13-46
243            android:exported="false"
243-->[com.google.android.gms:play-services-auth:16.0.1] AndroidManifest.xml:26:13-37
244            android:theme="@android:style/Theme.Translucent.NoTitleBar" />
244-->[com.google.android.gms:play-services-auth:16.0.1] AndroidManifest.xml:27:13-72
245        <!--
246            Service handling Google Sign-In user revocation. For apps that do not integrate with
247            Google Sign-In, this service will never be started.
248        -->
249        <service
249-->[com.google.android.gms:play-services-auth:16.0.1] AndroidManifest.xml:33:9-36:110
250            android:name="com.google.android.gms.auth.api.signin.RevocationBoundService"
250-->[com.google.android.gms:play-services-auth:16.0.1] AndroidManifest.xml:34:13-89
251            android:exported="true"
251-->[com.google.android.gms:play-services-auth:16.0.1] AndroidManifest.xml:35:13-36
252            android:permission="com.google.android.gms.auth.api.signin.permission.REVOCATION_NOTIFICATION" />
252-->[com.google.android.gms:play-services-auth:16.0.1] AndroidManifest.xml:36:13-107
253
254        <activity
254-->[com.google.android.gms:play-services-base:17.1.0] AndroidManifest.xml:23:9-26:75
255            android:name="com.google.android.gms.common.api.GoogleApiActivity"
255-->[com.google.android.gms:play-services-base:17.1.0] AndroidManifest.xml:24:13-79
256            android:exported="false"
256-->[com.google.android.gms:play-services-base:17.1.0] AndroidManifest.xml:25:13-37
257            android:theme="@android:style/Theme.Translucent.NoTitleBar" />
257-->[com.google.android.gms:play-services-base:17.1.0] AndroidManifest.xml:26:13-72
258
259        <provider
259-->[com.google.firebase:firebase-common:20.0.0] AndroidManifest.xml:26:9-31:39
260            android:name="com.google.firebase.provider.FirebaseInitProvider"
260-->[com.google.firebase:firebase-common:20.0.0] AndroidManifest.xml:27:13-77
261            android:authorities="br.com.agrosegurancabrasil.firebaseinitprovider"
261-->[com.google.firebase:firebase-common:20.0.0] AndroidManifest.xml:28:13-72
262            android:directBootAware="true"
262-->[com.google.firebase:firebase-common:20.0.0] AndroidManifest.xml:29:13-43
263            android:exported="false"
263-->[com.google.firebase:firebase-common:20.0.0] AndroidManifest.xml:30:13-37
264            android:initOrder="100" />
264-->[com.google.firebase:firebase-common:20.0.0] AndroidManifest.xml:31:13-36
265
266        <receiver
266-->[com.google.android.gms:play-services-measurement:19.0.0] AndroidManifest.xml:29:9-33:20
267            android:name="com.google.android.gms.measurement.AppMeasurementReceiver"
267-->[com.google.android.gms:play-services-measurement:19.0.0] AndroidManifest.xml:30:13-85
268            android:enabled="true"
268-->[com.google.android.gms:play-services-measurement:19.0.0] AndroidManifest.xml:31:13-35
269            android:exported="false" >
269-->[com.google.android.gms:play-services-measurement:19.0.0] AndroidManifest.xml:32:13-37
270        </receiver>
271
272        <service
272-->[com.google.android.gms:play-services-measurement:19.0.0] AndroidManifest.xml:35:9-38:40
273            android:name="com.google.android.gms.measurement.AppMeasurementService"
273-->[com.google.android.gms:play-services-measurement:19.0.0] AndroidManifest.xml:36:13-84
274            android:enabled="true"
274-->[com.google.android.gms:play-services-measurement:19.0.0] AndroidManifest.xml:37:13-35
275            android:exported="false" />
275-->[com.google.android.gms:play-services-measurement:19.0.0] AndroidManifest.xml:38:13-37
276        <service
276-->[com.google.android.gms:play-services-measurement:19.0.0] AndroidManifest.xml:39:9-43:72
277            android:name="com.google.android.gms.measurement.AppMeasurementJobService"
277-->[com.google.android.gms:play-services-measurement:19.0.0] AndroidManifest.xml:40:13-87
278            android:enabled="true"
278-->[com.google.android.gms:play-services-measurement:19.0.0] AndroidManifest.xml:41:13-35
279            android:exported="false"
279-->[com.google.android.gms:play-services-measurement:19.0.0] AndroidManifest.xml:42:13-37
280            android:permission="android.permission.BIND_JOB_SERVICE" />
280-->[com.google.android.gms:play-services-measurement:19.0.0] AndroidManifest.xml:43:13-69
281
282        <meta-data
282-->[com.google.android.gms:play-services-basement:17.1.0] AndroidManifest.xml:23:9-25:69
283            android:name="com.google.android.gms.version"
283-->[com.google.android.gms:play-services-basement:17.1.0] AndroidManifest.xml:24:13-58
284            android:value="@integer/google_play_services_version" />
284-->[com.google.android.gms:play-services-basement:17.1.0] AndroidManifest.xml:25:13-66
285    </application>
286
287</manifest>